Base path: /Applications/Unity/Unity.app/Contents
Pipe name: \\.\pipe\UnityShaderCompiler-1--1607065176
Cmd: getPlatforms
Cmd: preprocess
  insize=1572 outsize=888 ok=1
Cmd: preprocess
  insize=1802 outsize=901 ok=1
Cmd: preprocess
  insize=195 outsize=195 ok=1
Cmd: preprocess
  insize=219 outsize=219 ok=1
Cmd: preprocess
  insize=1524 outsize=504 ok=1
Cmd: preprocess
  insize=1452 outsize=480 ok=1
Cmd: preprocess
  insize=1605 outsize=1080 ok=1
Cmd: preprocess
  insize=1074 outsize=1444 ok=1
Cmd: preprocess
  insize=480 outsize=480 ok=1
Cmd: preprocess
  insize=1080 outsize=1450 ok=1
Cmd: preprocess
  insize=1433 outsize=763 ok=1
Cmd: preprocess
  insize=1471 outsize=803 ok=1
Cmd: preprocess
  insize=1835 outsize=877 ok=1
Cmd: preprocess
  insize=187 outsize=187 ok=1
Cmd: preprocess
  insize=1477 outsize=830 ok=1
Cmd: preprocess
  insize=1463 outsize=504 ok=1
Cmd: preprocess
  insize=1494 outsize=826 ok=1
Cmd: preprocess
  insize=1875 outsize=895 ok=1
Cmd: preprocess
  insize=1376 outsize=708 ok=1
Cmd: preprocess
  insize=1805 outsize=885 ok=1
Cmd: preprocess
  insize=1421 outsize=505 ok=1
Cmd: preprocess
  insize=2919 outsize=1774 ok=1
Cmd: preprocess
  insize=1871 outsize=896 ok=1
Cmd: preprocess
  insize=1041 outsize=1746 ok=1
Cmd: preprocess
  insize=1891 outsize=860 ok=1
Cmd: preprocess
  insize=1264 outsize=516 ok=1
Cmd: preprocess
  insize=1093 outsize=363 ok=1
Cmd: preprocess
  insize=1704 outsize=1176 ok=1
Cmd: preprocess
  insize=901 outsize=1618 ok=1
Cmd: preprocess
  insize=435 outsize=435 ok=1
Cmd: preprocess
  insize=1513 outsize=859 ok=1
Cmd: preprocess
  insize=5978 outsize=3432 ok=1
Cmd: preprocess
  insize=1524 outsize=883 ok=1
Cmd: preprocess
  insize=2263 outsize=2228 ok=1
Cmd: preprocess
  insize=1242 outsize=493 ok=1
Cmd: preprocess
  insize=1668 outsize=929 ok=1
Cmd: preprocess
  insize=1777 outsize=986 ok=1
Cmd: preprocess
  insize=1486 outsize=818 ok=1
